<?xml version="1.0" encoding="UTF-8"?>
<testsuite name="com.saucedemo.runners.SuccessfulPurchaseRunner" tests="0" skipped="0" failures="0" errors="0" timestamp="1970-01-01T00:00:00" hostname="PSOFKA01198" time="0.0">
  <properties/>
  <system-out><![CDATA[20:16:32.540 [Test worker] DEBUG io.cucumber.core.plugin.SerenityReporter -- Running feature from file:///C:/Users/julio.betancur/Documents/Proyectos_Prueba/AutomationE2E/src/test/resources/features/successful_purchase_flow.feature
20:16:32.680 [Test worker] INFO  -- 

-------------------------------------------------------------------------------------
     _______. _______ .______       _______ .__   __.  __  .___________.____    ____ 
    /       ||   ____||   _  \     |   ____||  \ |  | |  | |           |\   \  /   / 
   |   (----`|  |__   |  |_)  |    |  |__   |   \|  | |  | `---|  |----` \   \/   /  
    \   \    |   __|  |      /     |   __|  |  . `  | |  |     |  |       \_    _/   
.----)   |   |  |____ |  |\  \----.|  |____ |  |\   | |  |     |  |         |  |     
|_______/    |_______|| _| `._____||_______||__| \__| |__|     |__|         |__|    
                                                                                     
 News and tutorials at https://serenity-bdd.info                                     
 Documentation at https://serenity-bdd.github.io                                     
 Test Automation Training and Coaching: https://www.serenity-dojo.com                
 Commercial Support: https://www.serenity-dojo.com/serenity-bdd-enterprise-support   
 Join the Serenity Community on Gitter: https://gitter.im/serenity-bdd/serenity-core 
-------------------------------------------------------------------------------------

20:16:32.693 [Test worker] DEBUG net.thucydides.core.steps.StepEventBus -- Test suite started for story net.thucydides.model.domain.Story@8e3298e0
20:16:32.704 [Test worker] INFO  -- Test Suite Started: Successful purchase flow on SauceDemo
20:16:32.913 [Test worker] DEBUG io.cucumber.core.plugin.SerenityReporter -- Running feature from file:///C:/Users/julio.betancur/Documents/Proyectos_Prueba/AutomationE2E/src/test/resources/features/successful_purchase_flow.feature
20:16:32.921 [Test worker] DEBUG net.thucydides.core.steps.StepEventBus -- Test suite started for story net.thucydides.model.domain.Story@8e3298e0
20:16:32.923 [Test worker] INFO  -- Test Suite Started: Successful purchase flow on SauceDemo
20:17:05.772 [Test worker] DEBUG net.thucydides.model.reports.ReportService -- Reporting formats: [JSON]
20:17:05.785 [Test worker] DEBUG net.thucydides.model.reports.ReportService -- Reporting formats: [JSON]
20:17:05.808 [Test worker] DEBUG net.thucydides.model.reports.ReportService -- Generating reports for 1 test outcomes using: net.thucydides.model.reports.json.JSONTestOutcomeReporter@4d664323
20:17:05.811 [pool-3-thread-1] DEBUG net.thucydides.model.reports.ReportService -- Processing test outcome Successful purchase flow on SauceDemo:: Successful purchase flow
20:17:05.812 [pool-3-thread-1] DEBUG net.thucydides.model.reports.ReportService -- net.thucydides.model.reports.json.JSONTestOutcomeReporter@4d664323: Generating report for test outcome: Successful purchase flow on SauceDemo:: Successful purchase flow
20:17:05.822 [pool-3-thread-1] DEBUG net.thucydides.model.reports.json.JSONTestOutcomeReporter -- Generating JSON report for : Successful purchase flow to file C:\Users\julio.betancur\Documents\Proyectos_Prueba\AutomationE2E\target\site\serenity\6c5aeeecc8ce42e9a2bbb61e555970771c8b0ecfd282175364c74f43b747acf7.json)
20:17:05.902 [pool-3-thread-1] DEBUG net.thucydides.model.reports.ReportService -- Processing test outcome Successful purchase flow on SauceDemo:: Successful purchase flow done
20:17:05.903 [Test worker] DEBUG net.thucydides.model.reports.ReportService -- Shutting down executor service
20:17:05.903 [Test worker] DEBUG net.thucydides.model.reports.ReportService -- Reports generated in: 94 ms
20:17:06.033 [Test worker] DEBUG net.serenitybdd.core.photography.Darkroom -- Closing darkroom
20:17:06.034 [Darkroom Processing Line] DEBUG net.serenitybdd.core.photography.DarkroomProcessingLine -- Darkroom processing line shutting down
20:17:06.044 [Test worker] DEBUG net.serenitybdd.core.photography.Darkroom -- Closing darkroom
]]></system-out>
  <system-err><![CDATA[]]></system-err>
</testsuite>
